#
# A fatal error has been detected by the Java Runtime Environment:
#
#  EXCEPTION_ACCESS_VIOLATION (0xc0000005) at pc=0x73d5ecce, pid=7596, tid=0x00000a48
#
# JRE version: Java(TM) SE Runtime Environment (8.0_144-b01) (build 1.8.0_144-b01)
# Java VM: Java HotSpot(TM) Client VM (25.144-b01 mixed mode windows-x86 )
# Problematic frame:
# V  [jvm.dll+0x14ecce]
#
# Failed to write core dump. Minidumps are not enabled by default on client versions of Windows
#
# If you would like to submit a bug report, please visit:
#   http://bugreport.java.com/bugreport/crash.jsp
#

---------------  T H R E A D  ---------------

Current thread (0x00e5e800):  VMThread [stack: 0x25a50000,0x25aa0000] [id=2632]

siginfo: ExceptionCode=0xc0000005, reading address 0x002b2969

Registers:
EAX=0x2a2577d8, EBX=0x000000db, ECX=0x2a2534e0, EDX=0x2a2577d8
ESP=0x25a9f414, EBP=0x25a9f418, ESI=0x002b2961, EDI=0x2a25c298
EIP=0x73d5ecce, EFLAGS=0x00010202

Top of Stack: (sp=0x25a9f414)
0x25a9f414:   000000a0 25a9f430 73cc68ee 2a2577d8
0x25a9f424:   00000001 00000020 00000000 25a9f44c
0x25a9f434:   73d5ed5b 73d5ecc0 00000000 aaaaaaab
0x25a9f444:   405acaaa 00000020 25a9f45c 73d5edb3
0x25a9f454:   25a9f48c 00000000 25a9f48c 73d7a4dc
0x25a9f464:   73dc0100 25a9f478 00000000 00000000
0x25a9f474:   25a9f48c f592a196 00000200 25a9f4c0
0x25a9f484:   73d8e6e8 00000000 25a9f4c0 73d7b7dd 

Instructions: (pc=0x73d5ecce)
0x73d5ecae:   04 5d c2 04 00 33 c0 5d c2 04 00 cc cc cc cc cc
0x73d5ecbe:   cc cc 55 8b ec 8b 45 08 56 8b 70 0c 85 f6 74 27
0x73d5ecce:   8b 56 08 8b c2 c1 e8 03 8b c8 d1 f9 85 c0 7e 09
0x73d5ecde:   85 c9 75 05 b9 01 00 00 00 03 c9 03 c9 83 e2 07 


Register to memory mapping:

EAX=0x2a2577d8 is pointing into metadata
EBX=0x000000db is an unknown value
ECX=0x2a2534e0 is pointing into metadata
EDX=0x2a2577d8 is pointing into metadata
ESP=0x25a9f414 is an unknown value
EBP=0x25a9f418 is an unknown value
ESI=0x002b2961 is an unknown value
EDI=0x2a25c298 is pointing into metadata


Stack: [0x25a50000,0x25aa0000],  sp=0x25a9f414,  free space=317k
Native frames: (J=compiled Java code, j=interpreted, Vv=VM code, C=native code)
V  [jvm.dll+0x14ecce]
V  [jvm.dll+0xb68ee]
V  [jvm.dll+0x14ed5b]
V  [jvm.dll+0x14edb3]
V  [jvm.dll+0x16a4dc]
V  [jvm.dll+0x16b7dd]
V  [jvm.dll+0x182cf5]
V  [jvm.dll+0x182f02]
V  [jvm.dll+0x1c2ec6]
C  [msvcr100.dll+0x5c556]
C  [msvcr100.dll+0x5c600]
C  [KERNEL32.DLL+0x18744]
C  [ntdll.dll+0x6582d]
C  [ntdll.dll+0x657fd]

VM_Operation (0x281bf870): GenCollectForAllocation, mode: safepoint, requested by thread 0x2789cc00


---------------  P R O C E S S  ---------------

Java Threads: ( => current thread )
  0x27899c00 JavaThread "JmDNS(DESKTOP-H5Q8SL9.local.).State.Timer" daemon [_thread_blocked, id=11884, stack(0x27fc0000,0x28010000)]
  0x278a0000 JavaThread "JmDNS(DESKTOP-H5Q8SL9.local.).Timer" daemon [_thread_blocked, id=14432, stack(0x27f30000,0x27f80000)]
  0x2789d400 JavaThread "SocketListener(DESKTOP-H5Q8SL9.local.)" daemon [_thread_in_native, id=8216, stack(0x27e80000,0x27ed0000)]
  0x2789a800 JavaThread "JmDNS(DESKTOP-H5Q8SL9.local.).State.Timer" daemon [_thread_blocked, id=17972, stack(0x26f10000,0x26f60000)]
  0x278a1000 JavaThread "JmDNS(DESKTOP-H5Q8SL9.local.).Timer" daemon [_thread_blocked, id=17512, stack(0x26b00000,0x26b50000)]
  0x2789a000 JavaThread "SocketListener(DESKTOP-H5Q8SL9.local.)" daemon [_thread_in_native, id=4352, stack(0x26950000,0x269a0000)]
  0x278a0c00 JavaThread "JmDNS(DESKTOP-H5Q8SL9.local.).State.Timer" daemon [_thread_blocked, id=5668, stack(0x27df0000,0x27e40000)]
  0x278a0400 JavaThread "JmDNS(DESKTOP-H5Q8SL9.local.).Timer" daemon [_thread_blocked, id=18604, stack(0x26a70000,0x26ac0000)]
  0x2789ec00 JavaThread "SocketListener(DESKTOP-H5Q8SL9.local.)" daemon [_thread_in_native, id=14844, stack(0x269e0000,0x26a30000)]
  0x2789b400 JavaThread "JmDNS(DESKTOP-H5Q8SL9.local.).State.Timer" daemon [_thread_blocked, id=11392, stack(0x26830000,0x26880000)]
  0x2789f400 JavaThread "JmDNS(DESKTOP-H5Q8SL9.local.).Timer" daemon [_thread_blocked, id=9244, stack(0x267a0000,0x267f0000)]
  0x2789c800 JavaThread "SocketListener(DESKTOP-H5Q8SL9.local.)" daemon [_thread_in_native, id=13716, stack(0x00600000,0x00650000)]
  0x2789cc00 JavaThread "EventThread COM7" [_thread_blocked, id=3204, stack(0x28170000,0x281c0000)]
  0x2715d800 JavaThread "Swing-Shell" daemon [_thread_blocked, id=6024, stack(0x00920000,0x00970000)]
  0x2715b400 JavaThread "DestroyJavaVM" [_thread_blocked, id=7352, stack(0x00ea0000,0x00ef0000)]
  0x2715b800 JavaThread "TimerQueue" daemon [_thread_blocked, id=10092, stack(0x29310000,0x29360000)]
  0x2715a000 JavaThread "Batik CleanerThread" daemon [_thread_blocked, id=10048, stack(0x289a0000,0x289f0000)]
  0x27158800 JavaThread "AWT-EventQueue-0" [_thread_blocked, id=4900, stack(0x286d0000,0x28720000)]
  0x27159c00 JavaThread "AWT-Shutdown" [_thread_blocked, id=10420, stack(0x28640000,0x28690000)]
  0x27158000 JavaThread "Timer-0" [_thread_blocked, id=7788, stack(0x284b0000,0x28500000)]
  0x27213400 JavaThread "Multihomed mDNS.Timer" daemon [_thread_blocked, id=11184, stack(0x27bf0000,0x27c40000)]
  0x27201000 JavaThread "cc.arduino.packages.discoverers.serial.SerialBoardsLister" [_thread_blocked, id=6824, stack(0x02370000,0x023c0000)]
  0x26178400 JavaThread "AWT-Windows" daemon [_thread_in_native, id=10716, stack(0x26680000,0x266d0000)]
  0x26177400 JavaThread "Java2D Disposer" daemon [_thread_blocked, id=1116, stack(0x26560000,0x265b0000)]
  0x258a2800 JavaThread "Service Thread" daemon [_thread_blocked, id=11188, stack(0x25e30000,0x25e80000)]
  0x2587f000 JavaThread "C1 CompilerThread0" daemon [_thread_blocked, id=1684, stack(0x25da0000,0x25df0000)]
  0x2587d800 JavaThread "Attach Listener" daemon [_thread_blocked, id=2652, stack(0x25d10000,0x25d60000)]
  0x2587b800 JavaThread "Signal Dispatcher" daemon [_thread_blocked, id=11140, stack(0x257f0000,0x25840000)]
  0x2586a800 JavaThread "Finalizer" daemon [_thread_blocked, id=10248, stack(0x25b70000,0x25bc0000)]
  0x25854c00 JavaThread "Reference Handler" daemon [_thread_blocked, id=10888, stack(0x25ae0000,0x25b30000)]

Other Threads:
=>0x00e5e800 VMThread [stack: 0x25a50000,0x25aa0000] [id=2632]
  0x258aec00 WatcherThread [stack: 0x25ec0000,0x25f10000] [id=9760]

VM state:at safepoint (normal execution)

VM Mutex/Monitor currently owned by a thread:  ([mutex/lock_event])
[0x0252bfb8] Safepoint_lock - owner thread: 0x00e5e800
[0x0252c968] Threads_lock - owner thread: 0x00e5e800
[0x0252cd78] Heap_lock - owner thread: 0x2789cc00

Heap:
 def new generation   total 39424K, used 35073K [0x04600000, 0x070c0000, 0x0f0a0000)
  eden space 35072K, 100% used [0x04600000, 0x06840000, 0x06840000)
  from space 4352K,   0% used [0x06c80000, 0x06c80580, 0x070c0000)
  to   space 4352K,   0% used [0x06840000, 0x06840000, 0x06c80000)
 tenured generation   total 87424K, used 76757K [0x0f0a0000, 0x14600000, 0x24600000)
   the space 87424K,  87% used [0x0f0a0000, 0x13b95710, 0x13b95800, 0x14600000)
 Metaspace       used 20108K, capacity 20842K, committed 20864K, reserved 20864K

Card table byte_map: [0x24600000,0x24710000] byte_map_base: 0x245dd000

Polling page: 0x008d0000

CodeCache: size=32768Kb used=2032Kb max_used=4607Kb free=30735Kb
 bounds [0x02530000, 0x029c8000, 0x04530000]
 total_blobs=1247 nmethods=966 adapters=208
 compilation: enabled

Compilation events (10 events):
Event: 1175708.182 Thread 0x2587f000 8712             java.util.ArrayList$Itr::checkForComodification (23 bytes)
Event: 1175708.182 Thread 0x2587f000 nmethod 8712 0x027aad08 code [0x027aae10, 0x027aaeec]
Event: 1230577.551 Thread 0x2587f000 8713             javax.jmdns.impl.DNSOutgoing$MessageOutputStream::writeName (183 bytes)
Event: 1230577.563 Thread 0x2587f000 nmethod 8713 0x028725c8 code [0x02872780, 0x02872ca0]
Event: 1230608.838 Thread 0x2587f000 8714             java.awt.EventDispatchThread$HierarchyEventFilter::acceptEvent (225 bytes)
Event: 1230608.845 Thread 0x2587f000 nmethod 8714 0x0285e748 code [0x0285e8a0, 0x0285ec94]
Event: 1272367.368 Thread 0x2587f000 8715   !         javax.jmdns.impl.tasks.Responder::run (526 bytes)
Event: 1272367.399 Thread 0x2587f000 nmethod 8715 0x028c3208 code [0x028c3680, 0x028c4904]
Event: 1272792.130 Thread 0x2587f000 8716             java.lang.String::split (326 bytes)
Event: 1272792.134 Thread 0x2587f000 nmethod 8716 0x02635b48 code [0x02635db0, 0x02636988]

GC Heap History (10 events):
Event: 1272886.024 GC heap before
{Heap before GC invocations=16382 (full 2):
 def new generation   total 39424K, used 35073K [0x04600000, 0x070c0000, 0x0f0a0000)
  eden space 35072K, 100% used [0x04600000, 0x06840000, 0x06840000)
  from space 4352K,   0% used [0x06840000, 0x06840580, 0x06c80000)
  to   space 4352K,   0% used [0x06c80000, 0x06c80000, 0x070c0000)
 tenured generation   total 87424K, used 76757K [0x0f0a0000, 0x14600000, 0x24600000)
   the space 87424K,  87% used [0x0f0a0000, 0x13b95710, 0x13b95800, 0x14600000)
 Metaspace       used 20108K, capacity 20842K, committed 20864K, reserved 20864K
Event: 1272886.025 GC heap after
Heap after GC invocations=16383 (full 2):
 def new generation   total 39424K, used 1K [0x04600000, 0x070c0000, 0x0f0a0000)
  eden space 35072K,   0% used [0x04600000, 0x04600000, 0x06840000)
  from space 4352K,   0% used [0x06c80000, 0x06c80580, 0x070c0000)
  to   space 4352K,   0% used [0x06840000, 0x06840000, 0x06c80000)
 tenured generation   total 87424K, used 76757K [0x0f0a0000, 0x14600000, 0x24600000)
   the space 87424K,  87% used [0x0f0a0000, 0x13b95710, 0x13b95800, 0x14600000)
 Metaspace       used 20108K, capacity 20842K, committed 20864K, reserved 20864K
}
Event: 1272890.122 GC heap before
{Heap before GC invocations=16383 (full 2):
 def new generation   total 39424K, used 35073K [0x04600000, 0x070c0000, 0x0f0a0000)
  eden space 35072K, 100% used [0x04600000, 0x06840000, 0x06840000)
  from space 4352K,   0% used [0x06c80000, 0x06c80580, 0x070c0000)
  to   space 4352K,   0% used [0x06840000, 0x06840000, 0x06c80000)
 tenured generation   total 87424K, used 76757K [0x0f0a0000, 0x14600000, 0x24600000)
   the space 87424K,  87% used [0x0f0a0000, 0x13b95710, 0x13b95800, 0x14600000)
 Metaspace       used 20108K, capacity 20842K, committed 20864K, reserved 20864K
Event: 1272890.123 GC heap after
Heap after GC invocations=16384 (full 2):
 def new generation   total 39424K, used 1K [0x04600000, 0x070c0000, 0x0f0a0000)
  eden space 35072K,   0% used [0x04600000, 0x04600000, 0x06840000)
  from space 4352K,   0% used [0x06840000, 0x06840580, 0x06c80000)
  to   space 4352K,   0% used [0x06c80000, 0x06c80000, 0x070c0000)
 tenured generation   total 87424K, used 76757K [0x0f0a0000, 0x14600000, 0x24600000)
   the space 87424K,  87% used [0x0f0a0000, 0x13b95710, 0x13b95800, 0x14600000)
 Metaspace       used 20108K, capacity 20842K, committed 20864K, reserved 20864K
}
Event: 1272894.325 GC heap before
{Heap before GC invocations=16384 (full 2):
 def new generation   total 39424K, used 35073K [0x04600000, 0x070c0000, 0x0f0a0000)
  eden space 35072K, 100% used [0x04600000, 0x06840000, 0x06840000)
  from space 4352K,   0% used [0x06840000, 0x06840580, 0x06c80000)
  to   space 4352K,   0% used [0x06c80000, 0x06c80000, 0x070c0000)
 tenured generation   total 87424K, used 76757K [0x0f0a0000, 0x14600000, 0x24600000)
   the space 87424K,  87% used [0x0f0a0000, 0x13b95710, 0x13b95800, 0x14600000)
 Metaspace       used 20108K, capacity 20842K, committed 20864K, reserved 20864K
Event: 1272894.326 GC heap after
Heap after GC invocations=16385 (full 2):
 def new generation   total 39424K, used 1K [0x04600000, 0x070c0000, 0x0f0a0000)
  eden space 35072K,   0% used [0x04600000, 0x04600000, 0x06840000)
  from space 4352K,   0% used [0x06c80000, 0x06c80580, 0x070c0000)
  to   space 4352K,   0% used [0x06840000, 0x06840000, 0x06c80000)
 tenured generation   total 87424K, used 76757K [0x0f0a0000, 0x14600000, 0x24600000)
   the space 87424K,  87% used [0x0f0a0000, 0x13b95710, 0x13b95800, 0x14600000)
 Metaspace       used 20108K, capacity 20842K, committed 20864K, reserved 20864K
}
Event: 1272898.536 GC heap before
{Heap before GC invocations=16385 (full 2):
 def new generation   total 39424K, used 35073K [0x04600000, 0x070c0000, 0x0f0a0000)
  eden space 35072K, 100% used [0x04600000, 0x06840000, 0x06840000)
  from space 4352K,   0% used [0x06c80000, 0x06c80580, 0x070c0000)
  to   space 4352K,   0% used [0x06840000, 0x06840000, 0x06c80000)
 tenured generation   total 87424K, used 76757K [0x0f0a0000, 0x14600000, 0x24600000)
   the space 87424K,  87% used [0x0f0a0000, 0x13b95710, 0x13b95800, 0x14600000)
 Metaspace       used 20108K, capacity 20842K, committed 20864K, reserved 20864K
Event: 1272898.537 GC heap after
Heap after GC invocations=16386 (full 2):
 def new generation   total 39424K, used 1K [0x04600000, 0x070c0000, 0x0f0a0000)
  eden space 35072K,   0% used [0x04600000, 0x04600000, 0x06840000)
  from space 4352K,   0% used [0x06840000, 0x06840580, 0x06c80000)
  to   space 4352K,   0% used [0x06c80000, 0x06c80000, 0x070c0000)
 tenured generation   total 87424K, used 76757K [0x0f0a0000, 0x14600000, 0x24600000)
   the space 87424K,  87% used [0x0f0a0000, 0x13b95710, 0x13b95800, 0x14600000)
 Metaspace       used 20108K, capacity 20842K, committed 20864K, reserved 20864K
}
Event: 1272902.712 GC heap before
{Heap before GC invocations=16386 (full 2):
 def new generation   total 39424K, used 35073K [0x04600000, 0x070c0000, 0x0f0a0000)
  eden space 35072K, 100% used [0x04600000, 0x06840000, 0x06840000)
  from space 4352K,   0% used [0x06840000, 0x06840580, 0x06c80000)
  to   space 4352K,   0% used [0x06c80000, 0x06c80000, 0x070c0000)
 tenured generation   total 87424K, used 76757K [0x0f0a0000, 0x14600000, 0x24600000)
   the space 87424K,  87% used [0x0f0a0000, 0x13b95710, 0x13b95800, 0x14600000)
 Metaspace       used 20108K, capacity 20842K, committed 20864K, reserved 20864K
Event: 1272902.713 GC heap after
Heap after GC invocations=16387 (full 2):
 def new generation   total 39424K, used 1K [0x04600000, 0x070c0000, 0x0f0a0000)
  eden space 35072K,   0% used [0x04600000, 0x04600000, 0x06840000)
  from space 4352K,   0% used [0x06c80000, 0x06c80580, 0x070c0000)
  to   space 4352K,   0% used [0x06840000, 0x06840000, 0x06c80000)
 tenured generation   total 87424K, used 76757K [0x0f0a0000, 0x14600000, 0x24600000)
   the space 87424K,  87% used [0x0f0a0000, 0x13b95710, 0x13b95800, 0x14600000)
 Metaspace       used 20108K, capacity 20842K, committed 20864K, reserved 20864K
}

Deoptimization events (0 events):
No events

Internal exceptions (10 events):
Event: 1138582.992 Thread 0x2789e000 Exception <a 'sun/nio/fs/WindowsException'> (0x0461d9a0) thrown at [C:\workspace\8-2-build-windows-i586-cygwin\jdk8u144\9417\hotspot\src\share\vm\prims\jni.cpp, line 709]
Event: 1138582.992 Thread 0x2789e000 Exception <a 'sun/nio/fs/WindowsException'> (0x0461df98) thrown at [C:\workspace\8-2-build-windows-i586-cygwin\jdk8u144\9417\hotspot\src\share\vm\prims\jni.cpp, line 709]
Event: 1138582.993 Thread 0x2789e000 Exception <a 'sun/nio/fs/WindowsException'> (0x04627f98) thrown at [C:\workspace\8-2-build-windows-i586-cygwin\jdk8u144\9417\hotspot\src\share\vm\prims\jni.cpp, line 709]
Event: 1138582.993 Thread 0x2789e000 Exception <a 'sun/nio/fs/WindowsException'> (0x046285a0) thrown at [C:\workspace\8-2-build-windows-i586-cygwin\jdk8u144\9417\hotspot\src\share\vm\prims\jni.cpp, line 709]
Event: 1138582.995 Thread 0x2789e000 Exception <a 'sun/nio/fs/WindowsException'> (0x0463c798) thrown at [C:\workspace\8-2-build-windows-i586-cygwin\jdk8u144\9417\hotspot\src\share\vm\prims\jni.cpp, line 709]
Event: 1138582.995 Thread 0x2789e000 Exception <a 'sun/nio/fs/WindowsException'> (0x0463cdb8) thrown at [C:\workspace\8-2-build-windows-i586-cygwin\jdk8u144\9417\hotspot\src\share\vm\prims\jni.cpp, line 709]
Event: 1188326.686 Thread 0x2715c400 Exception <a 'java/net/SocketException': socket closed> (0x05502d68) thrown at [C:\workspace\8-2-build-windows-i586-cygwin\jdk8u144\9417\hotspot\src\share\vm\prims\jni.cpp, line 735]
Event: 1230581.530 Thread 0x2789ac00 Exception <a 'java/net/SocketException': socket closed> (0x055aec70) thrown at [C:\workspace\8-2-build-windows-i586-cygwin\jdk8u144\9417\hotspot\src\share\vm\prims\jni.cpp, line 735]
Event: 1250378.729 Thread 0x2789e000 Exception <a 'java/net/SocketException': socket closed> (0x0475d020) thrown at [C:\workspace\8-2-build-windows-i586-cygwin\jdk8u144\9417\hotspot\src\share\vm\prims\jni.cpp, line 735]
Event: 1272343.384 Thread 0x2715ec00 Exception <a 'java/net/SocketException': socket closed> (0x058adef8) thrown at [C:\workspace\8-2-build-windows-i586-cygwin\jdk8u144\9417\hotspot\src\share\vm\prims\jni.cpp, line 735]

Events (10 events):
Event: 1272886.025 Executing VM operation: GenCollectForAllocation done
Event: 1272890.122 Executing VM operation: GenCollectForAllocation
Event: 1272890.123 Executing VM operation: GenCollectForAllocation done
Event: 1272894.324 Executing VM operation: GenCollectForAllocation
Event: 1272894.326 Executing VM operation: GenCollectForAllocation done
Event: 1272898.536 Executing VM operation: GenCollectForAllocation
Event: 1272898.537 Executing VM operation: GenCollectForAllocation done
Event: 1272902.712 Executing VM operation: GenCollectForAllocation
Event: 1272902.713 Executing VM operation: GenCollectForAllocation done
Event: 1272906.877 Executing VM operation: GenCollectForAllocation


Dynamic libraries:
0x00ef0000 - 0x00f23000 	C:\Program Files (x86)\Arduino\java\bin\javaw.exe
0x779c0000 - 0x77b4e000 	C:\WINDOWS\SYSTEM32\ntdll.dll
0x74570000 - 0x74640000 	C:\WINDOWS\System32\KERNEL32.DLL
0x770e0000 - 0x772a2000 	C:\WINDOWS\System32\KERNELBASE.dll
0x74ee0000 - 0x74f57000 	C:\WINDOWS\System32\ADVAPI32.dll
0x744b0000 - 0x7456d000 	C:\WINDOWS\System32\msvcrt.dll
0x748b0000 - 0x748f1000 	C:\WINDOWS\System32\sechost.dll
0x778f0000 - 0x779b0000 	C:\WINDOWS\System32\RPCRT4.dll
0x74490000 - 0x744b0000 	C:\WINDOWS\System32\SspiCli.dll
0x74480000 - 0x7448a000 	C:\WINDOWS\System32\CRYPTBASE.dll
0x749b0000 - 0x74a07000 	C:\WINDOWS\System32\bcryptPrimitives.dll
0x77510000 - 0x7764c000 	C:\WINDOWS\System32\USER32.dll
0x774f0000 - 0x77506000 	C:\WINDOWS\System32\win32u.dll
0x74980000 - 0x749a1000 	C:\WINDOWS\System32\GDI32.dll
0x74700000 - 0x74858000 	C:\WINDOWS\System32\gdi32full.dll
0x74c50000 - 0x74cc9000 	C:\WINDOWS\System32\msvcp_win.dll
0x76f10000 - 0x77028000 	C:\WINDOWS\System32\ucrtbase.dll
0x70460000 - 0x7066e000 	C:\WINDOWS\WinSxS\x86_microsoft.windows.common-controls_6595b64144ccf1df_6.0.15063.483_none_6dad63fefc436da8\COMCTL32.dll
0x772b0000 - 0x774e8000 	C:\WINDOWS\System32\combase.dll
0x74d50000 - 0x74d75000 	C:\WINDOWS\System32\IMM32.DLL
0x73fe0000 - 0x7409f000 	C:\Program Files (x86)\Arduino\java\bin\msvcr100.dll
0x73c10000 - 0x73fde000 	C:\Program Files (x86)\Arduino\java\bin\client\jvm.dll
0x75590000 - 0x75596000 	C:\WINDOWS\System32\PSAPI.DLL
0x71960000 - 0x71968000 	C:\WINDOWS\SYSTEM32\WSOCK32.dll
0x70b00000 - 0x70b08000 	C:\WINDOWS\SYSTEM32\VERSION.dll
0x6e920000 - 0x6e944000 	C:\WINDOWS\SYSTEM32\WINMM.dll
0x74910000 - 0x74977000 	C:\WINDOWS\System32\WS2_32.dll
0x6e730000 - 0x6e753000 	C:\WINDOWS\SYSTEM32\WINMMBASE.dll
0x74860000 - 0x74899000 	C:\WINDOWS\System32\cfgmgr32.dll
0x73be0000 - 0x73c10000 	C:\Program Files (x86)\Arduino\java\bin\splashscreen.dll
0x703b0000 - 0x70428000 	C:\WINDOWS\system32\uxtheme.dll
0x74b00000 - 0x74c46000 	C:\WINDOWS\System32\MSCTF.dll
0x754f0000 - 0x75586000 	C:\WINDOWS\System32\OLEAUT32.dll
0x73bd0000 - 0x73bdc000 	C:\Program Files (x86)\Arduino\java\bin\verify.dll
0x73ae0000 - 0x73b01000 	C:\Program Files (x86)\Arduino\java\bin\java.dll
0x73bb0000 - 0x73bc3000 	C:\Program Files (x86)\Arduino\java\bin\zip.dll
0x74cd0000 - 0x74cde000 	C:\WINDOWS\System32\kernel.appcore.dll
0x72410000 - 0x72477000 	C:\WINDOWS\System32\TextInputFramework.dll
0x721e0000 - 0x72407000 	C:\WINDOWS\System32\CoreUIComponents.dll
0x777d0000 - 0x7785c000 	C:\WINDOWS\System32\SHCORE.dll
0x72150000 - 0x721df000 	C:\WINDOWS\System32\CoreMessaging.dll
0x72120000 - 0x72148000 	C:\WINDOWS\SYSTEM32\ntmarta.dll
0x72110000 - 0x72120000 	C:\WINDOWS\SYSTEM32\usermgrcli.dll
0x740a0000 - 0x74171000 	C:\WINDOWS\SYSTEM32\wintypes.dll
0x70430000 - 0x70453000 	C:\WINDOWS\system32\dwmapi.dll
0x759c0000 - 0x76d08000 	C:\WINDOWS\System32\SHELL32.dll
0x74f60000 - 0x754e7000 	C:\WINDOWS\System32\windows.storage.dll
0x74d90000 - 0x74dd5000 	C:\WINDOWS\System32\shlwapi.dll
0x74ce0000 - 0x74d25000 	C:\WINDOWS\System32\powrprof.dll
0x748a0000 - 0x748b0000 	C:\WINDOWS\System32\profapi.dll
0x61940000 - 0x619b2000 	C:\Program Files (x86)\Arduino\lib\listSerialsj.dll
0x755a0000 - 0x759ba000 	C:\WINDOWS\System32\SETUPAPI.dll
0x73ac0000 - 0x73add000 	C:\Program Files (x86)\Arduino\lib\jnidispatch-4.2.2-win32-x86.dll
0x74de0000 - 0x74ed3000 	C:\WINDOWS\System32\Ole32.dll
0x73aa0000 - 0x73ab6000 	C:\Program Files (x86)\Arduino\java\bin\net.dll
0x74390000 - 0x743de000 	C:\WINDOWS\system32\mswsock.dll
0x73a90000 - 0x73a9f000 	C:\Program Files (x86)\Arduino\java\bin\nio.dll
0x73940000 - 0x73a85000 	C:\Program Files (x86)\Arduino\java\bin\awt.dll
0x687e0000 - 0x68873000 	C:\WINDOWS\SYSTEM32\apphelp.dll
0x73900000 - 0x73939000 	C:\Program Files (x86)\Arduino\java\bin\fontmanager.dll
0x6c700000 - 0x6c7df000 	C:\WINDOWS\system32\opengl32.dll
0x6c6d0000 - 0x6c6f5000 	C:\WINDOWS\SYSTEM32\GLU32.dll
0x738c0000 - 0x738f2000 	C:\Program Files (x86)\Arduino\java\bin\t2k.dll
0x6ba10000 - 0x6ba32000 	C:\WINDOWS\SYSTEM32\DEVOBJ.dll
0x77090000 - 0x770d4000 	C:\WINDOWS\System32\WINTRUST.dll
0x74d80000 - 0x74d8e000 	C:\WINDOWS\System32\MSASN1.dll
0x77650000 - 0x777cd000 	C:\WINDOWS\System32\CRYPT32.dll
0x74450000 - 0x7447f000 	C:\WINDOWS\SYSTEM32\IPHLPAPI.DLL
0x779b0000 - 0x779b7000 	C:\WINDOWS\System32\NSI.dll
0x74370000 - 0x74383000 	C:\WINDOWS\SYSTEM32\dhcpcsvc6.DLL
0x74350000 - 0x74364000 	C:\WINDOWS\SYSTEM32\dhcpcsvc.DLL
0x742d0000 - 0x7434f000 	C:\WINDOWS\SYSTEM32\DNSAPI.dll
0x265b0000 - 0x265d5000 	C:\Program Files (x86)\Bonjour\mdnsNSP.dll
0x68780000 - 0x68788000 	C:\Windows\System32\rasadhlp.dll
0x68790000 - 0x687da000 	C:\WINDOWS\System32\fwpuclnt.dll
0x743e0000 - 0x743f8000 	C:\WINDOWS\SYSTEM32\bcrypt.dll
0x73850000 - 0x738b9000 	C:\Program Files (x86)\Arduino\msvcp100.dll
0x73790000 - 0x7384e000 	C:\Program Files (x86)\Arduino\msvcr100.dll
0x28920000 - 0x28952000 	C:\Program Files (x86)\Arduino\lib\AStylej.dll
0x73760000 - 0x73784000 	C:\Program Files (x86)\Arduino\java\bin\dcpr.dll
0x77860000 - 0x778e3000 	C:\WINDOWS\System32\clbcatq.dll
0x735e0000 - 0x73752000 	C:\WINDOWS\SYSTEM32\WindowsCodecs.dll
0x6ab40000 - 0x6ab83000 	C:\WINDOWS\system32\dataexchange.dll
0x6af30000 - 0x6b182000 	C:\WINDOWS\system32\d3d11.dll
0x6aa50000 - 0x6ab3b000 	C:\WINDOWS\system32\dcomp.dll
0x6abb0000 - 0x6ac3a000 	C:\WINDOWS\system32\dxgi.dll
0x74180000 - 0x742b6000 	C:\WINDOWS\system32\twinapi.appcore.dll
0x73550000 - 0x735de000 	C:\WINDOWS\WinSxS\x86_microsoft.windows.common-controls_6595b64144ccf1df_5.82.15063.413_none_55bc94a37c2a2854\comctl32.dll
0x706d0000 - 0x70834000 	C:\WINDOWS\system32\propsys.dll
0x73420000 - 0x73544000 	C:\WINDOWS\system32\NetworkExplorer.dll
0x731a0000 - 0x73418000 	C:\Windows\System32\OneCoreUAPCommonProxyStub.dll
0x73150000 - 0x73197000 	C:\Windows\System32\thumbcache.dll
0x63300000 - 0x63364000 	C:\WINDOWS\SYSTEM32\policymanager.dll
0x63290000 - 0x632f6000 	C:\WINDOWS\SYSTEM32\msvcp110_win.dll
0x6e950000 - 0x6e966000 	C:\WINDOWS\SYSTEM32\MPR.dll
0x73140000 - 0x73149000 	C:\WINDOWS\System32\drprov.dll
0x730f0000 - 0x73132000 	C:\WINDOWS\System32\WINSTA.dll
0x730d0000 - 0x730e2000 	C:\WINDOWS\System32\ntlanman.dll
0x730b0000 - 0x730ca000 	C:\WINDOWS\System32\davclnt.dll
0x730a0000 - 0x730aa000 	C:\WINDOWS\System32\DAVHLPR.dll
0x6e6f0000 - 0x6e700000 	C:\WINDOWS\System32\wkscli.dll
0x63370000 - 0x6337f000 	C:\WINDOWS\SYSTEM32\cscapi.dll
0x6e6e0000 - 0x6e6eb000 	C:\WINDOWS\System32\netutils.dll
0x73060000 - 0x730a0000 	C:\Windows\System32\dlnashext.dll
0x72fe0000 - 0x72ffa000 	C:\Windows\System32\DevDispItemProvider.dll
0x72e00000 - 0x72fd2000 	C:\WINDOWS\system32\wpdshext.dll
0x70990000 - 0x70af6000 	C:\WINDOWS\WinSxS\x86_microsoft.windows.gdiplus_6595b64144ccf1df_1.1.15063.608_none_9e9d5d4256d15def\gdiplus.dll
0x72d70000 - 0x72df3000 	C:\Windows\System32\PortableDeviceApi.dll
0x72d20000 - 0x72d61000 	C:\WINDOWS\system32\audiodev.dll
0x72b00000 - 0x72d17000 	C:\WINDOWS\system32\WMVCore.DLL
0x6a3e0000 - 0x6a4e7000 	C:\WINDOWS\system32\mfperfhelper.dll
0x72ac0000 - 0x72aff000 	C:\WINDOWS\system32\WMASF.DLL
0x6ac60000 - 0x6adc5000 	C:\WINDOWS\SYSTEM32\MFPlat.DLL
0x6a3b0000 - 0x6a3da000 	C:\WINDOWS\SYSTEM32\RTWorkQ.DLL
0x634b0000 - 0x634bd000 	C:\WINDOWS\SYSTEM32\LINKINFO.dll
0x70cb0000 - 0x70cba000 	C:\WINDOWS\SYSTEM32\Secur32.dll
0x6de50000 - 0x6de65000 	C:\WINDOWS\SYSTEM32\samcli.dll
0x72aa0000 - 0x72ab9000 	C:\WINDOWS\SYSTEM32\SAMLIB.dll
0x628a0000 - 0x6328c000 	C:\WINDOWS\SYSTEM32\ig8icd32.dll
0x6af00000 - 0x6af0f000 	C:\WINDOWS\SYSTEM32\WTSAPI32.dll
0x61fd0000 - 0x6289b000 	C:\WINDOWS\SYSTEM32\igdusc32.dll
0x74a10000 - 0x74aff000 	C:\WINDOWS\System32\COMDLG32.dll
0x72a10000 - 0x72a91000 	C:\Program Files (x86)\Common Files\microsoft shared\ink\tiptsf.dll
0x729d0000 - 0x72a0c000 	C:\WINDOWS\SYSTEM32\edputil.dll
0x633a0000 - 0x63466000 	C:\WINDOWS\SYSTEM32\ntshrui.dll
0x63380000 - 0x6339c000 	C:\WINDOWS\SYSTEM32\srvcli.dll
0x72940000 - 0x729c9000 	C:\WINDOWS\System32\StructuredQuery.dll
0x72600000 - 0x7288b000 	C:\Users\Alex\AppData\Local\Microsoft\OneDrive\17.3.7131.1115\FileSyncShell.dll

VM Arguments:
jvm_args: -Dsun.java2d.d3d=false -Djna.nosys=true -Djna.nounpack=true -Djna.boot.library.name=jnidispatch-4.2.2-win32-x86 -Djna.boot.library.path=C:\Program Files (x86)\Arduino/lib -Djssc.library.path=C:\Program Files (x86)\Arduino/lib -DAPP_DIR=C:\Program Files (x86)\Arduino -Xms128M -Xmx512M 
java_command: processing.app.Base C:\Users\Alex\Documents\maker faire\moveo\prog\USB_Host_Shield_2.0-master\USB_Host_Shield_2.0-master\examples\Bluetooth\PS3BT\PS3BT.ino
java_class_path (initial): C:\Program Files (x86)\Arduino\lib\apple.jar;C:\Program Files (x86)\Arduino\lib\arduino-core.jar;C:\Program Files (x86)\Arduino\lib\batik-1.8.jar;C:\Program Files (x86)\Arduino\lib\batik-anim-1.8.jar;C:\Program Files (x86)\Arduino\lib\batik-awt-util-1.8.jar;C:\Program Files (x86)\Arduino\lib\batik-bridge-1.8.jar;C:\Program Files (x86)\Arduino\lib\batik-codec-1.8.jar;C:\Program Files (x86)\Arduino\lib\batik-css-1.8.jar;C:\Program Files (x86)\Arduino\lib\batik-dom-1.8.jar;C:\Program Files (x86)\Arduino\lib\batik-ext-1.8.jar;C:\Program Files (x86)\Arduino\lib\batik-gvt-1.8.jar;C:\Program Files (x86)\Arduino\lib\batik-parser-1.8.jar;C:\Program Files (x86)\Arduino\lib\batik-rasterizer-1.8.jar;C:\Program Files (x86)\Arduino\lib\batik-script-1.8.jar;C:\Program Files (x86)\Arduino\lib\batik-squiggle-1.8.jar;C:\Program Files (x86)\Arduino\lib\batik-svg-dom-1.8.jar;C:\Program Files (x86)\Arduino\lib\batik-svgpp-1.8.jar;C:\Program Files (x86)\Arduino\lib\batik-transcoder-1.8.jar;C:\Program Files (x86)\Arduino\lib\batik-util-1.8.jar;C:\Program Files (x86)\Arduino\lib\batik-xml-1.8.jar;C:\Program Files (x86)\Arduino\lib\bcpg-jdk15on-152.jar;C:\Program Files (x86)\Arduino\lib\bcprov-jdk15on-152.jar;C:\Program Files (x86)\Arduino\lib\commons-codec-1.7.jar;C:\Program Files (x86)\Arduino\lib\commons-compress-1.8.jar;C:\Program Files (x86)\Arduino\lib\commons-exec-1.1.jar;C:\Program Files (x86)\Arduino\lib\commons-httpclient-3.1.jar;C:\Program Files (x86)\Arduino\lib\commons-lang3-3.3.2.jar;C:\Program Files (x86)\Arduino\lib\commons-logging-1.0.4.jar;C:\Program Files (x86)\Arduino\lib\commons-net-3.3.jar;C:\Program Files (x86)\Arduino\lib\jackson-annotations-2.6.3.jar;C:\Program Files (x86)\Arduino\lib\jackson-core-2.6.3.jar;C:\Program Files (x86)\Arduino\lib\jackson-databind-2.6.3.jar;C:\Program Files (x86)\Arduino\lib\jackson-module-mrbean-2.6.3.jar;C:\Program Files (x86)\Arduino\lib\java-semver-0.8.0.jar;C:\Program Files (x86)\Arduino\lib\jmdns-3.5.1.j
Launcher Type: SUN_STANDARD

Environment Variables:
PATH=C:\WINDOWS\system32;C:\WINDOWS;C:\WINDOWS\System32\Wbem;C:\WINDOWS\System32\WindowsPowerShell\v1.0\;C:\Program Files\PuTTY\;C:\Program Files (x86)\IVI Foundation\VISA\WinNT\Bin;C:\Users\Alex\AppData\Local\Microsoft\WindowsApps;;C:\Program Files (x86)\Arduino\java\bin
USERNAME=Alex
OS=Windows_NT
PROCESSOR_IDENTIFIER=Intel64 Family 6 Model 61 Stepping 4, GenuineIntel



---------------  S Y S T E M  ---------------

OS: Windows 10.0 , 64 bit Build 15063 (10.0.15063.296)

CPU:total 4 (initial active 4) (2 cores per cpu, 2 threads per core) family 6 model 61 stepping 4, cmov, cx8, fxsr, mmx, sse, sse2, sse3, ssse3, sse4.1, sse4.2, popcnt, avx, avx2, aes, clmul, erms, 3dnowpref, lzcnt, ht, tsc, tscinvbit, bmi1, bmi2, adx

Memory: 4k page, physical 8310232k(4683868k free), swap 10857976k(4499204k free)

vm_info: Java HotSpot(TM) Client VM (25.144-b01) for windows-x86 JRE (1.8.0_144-b01), built on Jul 21 2017 21:58:05 by "java_re" with MS VC++ 10.0 (VS2010)

time: Sat Jan 06 07:19:10 2018
elapsed time: 1272906 seconds (14d 17h 35m 6s)

